<?xml version="1.0" encoding="UTF-8"?>
<!-- Generated by org.testng.reporters.JUnitXMLReporter -->
<testsuite ignored="0" hostname="DESKTOP-RKANJTO" failures="0" tests="2" name="Error Validations Test" time="20.812" errors="0" timestamp="2025-01-29T14:19:12 IST">
  <testcase classname="Neil.ErrorValidationsTestCase" name="loginErrorValidation" time="2.428"/>
  <testcase classname="Neil.ErrorValidationsTestCase" name="productErrorValidation" time="15.747"/>
</testsuite> <!-- Error Validations Test -->
