<?xml version="1.0" encoding="UTF-8"?>
<testng-results ignored="0" total="5" passed="5" failed="0" skipped="0">
  <reporter-output>
  </reporter-output>
  <suite started-at="2025-02-15T15:49:40 IST" name="Default suite" finished-at="2025-02-15T15:50:05 IST" duration-ms="25349">
    <groups>
      <group name="cucumber">
        <method signature="AbstractTestNGCucumberTests.runScenario(io.cucumber.testng.PickleWrapper,io.cucumber.testng.FeatureWrapper)[pri:0, instance:cucumber.TestNgTestRunner@48f2bd5b]" name="runScenario" class="io.cucumber.testng.AbstractTestNGCucumberTests"/>
      </group> <!-- cucumber -->
    </groups>
    <test started-at="2025-02-15T15:49:40 IST" name="Default test" finished-at="2025-02-15T15:50:05 IST" duration-ms="25349">
      <class name="cucumber.TestNgTestRunner">
        <test-method is-config="true" signature="setUpClass(org.testng.ITestContext)[pri:0, instance:cucumber.TestNgTestRunner@48f2bd5b]" started-at="2025-02-15T15:49:40 IST" name="setUpClass" finished-at="2025-02-15T15:49:41 IST" duration-ms="901" status="PASS">
          <params>
            <param index="0">
              <value>
                <![CDATA[org.testng.TestRunner@1ae9d0e4]]>
              </value>
            </param>
          </params>
          <reporter-output>
          </reporter-output>
        </test-method> <!-- setUpClass -->
        <test-method signature="runScenario(io.cucumber.testng.PickleWrapper,io.cucumber.testng.FeatureWrapper)[pri:0, instance:cucumber.TestNgTestRunner@48f2bd5b]" started-at="2025-02-15T15:49:41 IST" name="runScenario" description="Runs Cucumber Scenarios" data-provider="scenarios" finished-at="2025-02-15T15:49:57 IST" duration-ms="15880" status="PASS">
          <params>
            <param index="0">
              <value>
                <![CDATA["Brit Insurance Landing page"]]>
              </value>
            </param>
            <param index="1">
              <value>
                <![CDATA["Automating landing page search for Brit Insurance website"]]>
              </value>
            </param>
          </params>
          <reporter-output>
          </reporter-output>
        </test-method> <!-- runScenario -->
        <test-method signature="runScenario(io.cucumber.testng.PickleWrapper,io.cucumber.testng.FeatureWrapper)[pri:0, instance:cucumber.TestNgTestRunner@48f2bd5b]" started-at="2025-02-15T15:49:57 IST" name="runScenario" description="Runs Cucumber Scenarios" data-provider="scenarios" finished-at="2025-02-15T15:50:01 IST" duration-ms="4222" status="PASS">
          <params>
            <param index="0">
              <value>
                <![CDATA["Create a new object via POST request"]]>
              </value>
            </param>
            <param index="1">
              <value>
                <![CDATA["API Testing with Cucumber and Rest Assured"]]>
              </value>
            </param>
          </params>
          <reporter-output>
          </reporter-output>
        </test-method> <!-- runScenario -->
        <test-method signature="runScenario(io.cucumber.testng.PickleWrapper,io.cucumber.testng.FeatureWrapper)[pri:0, instance:cucumber.TestNgTestRunner@48f2bd5b]" started-at="2025-02-15T15:50:01 IST" name="runScenario" description="Runs Cucumber Scenarios" data-provider="scenarios" finished-at="2025-02-15T15:50:03 IST" duration-ms="2209" status="PASS">
          <params>
            <param index="0">
              <value>
                <![CDATA["Update an existing object using PATCH"]]>
              </value>
            </param>
            <param index="1">
              <value>
                <![CDATA["API Testing with Cucumber and Rest Assured"]]>
              </value>
            </param>
          </params>
          <reporter-output>
          </reporter-output>
        </test-method> <!-- runScenario -->
        <test-method signature="runScenario(io.cucumber.testng.PickleWrapper,io.cucumber.testng.FeatureWrapper)[pri:0, instance:cucumber.TestNgTestRunner@48f2bd5b]" started-at="2025-02-15T15:50:03 IST" name="runScenario" description="Runs Cucumber Scenarios" data-provider="scenarios" finished-at="2025-02-15T15:50:04 IST" duration-ms="928" status="PASS">
          <params>
            <param index="0">
              <value>
                <![CDATA["Get the object details using GET"]]>
              </value>
            </param>
            <param index="1">
              <value>
                <![CDATA["API Testing with Cucumber and Rest Assured"]]>
              </value>
            </param>
          </params>
          <reporter-output>
          </reporter-output>
        </test-method> <!-- runScenario -->
        <test-method signature="runScenario(io.cucumber.testng.PickleWrapper,io.cucumber.testng.FeatureWrapper)[pri:0, instance:cucumber.TestNgTestRunner@48f2bd5b]" started-at="2025-02-15T15:50:04 IST" name="runScenario" description="Runs Cucumber Scenarios" data-provider="scenarios" finished-at="2025-02-15T15:50:05 IST" duration-ms="1113" status="PASS">
          <params>
            <param index="0">
              <value>
                <![CDATA["Delete the object using DELETE"]]>
              </value>
            </param>
            <param index="1">
              <value>
                <![CDATA["API Testing with Cucumber and Rest Assured"]]>
              </value>
            </param>
          </params>
          <reporter-output>
          </reporter-output>
        </test-method> <!-- runScenario -->
        <test-method is-config="true" signature="tearDownClass()[pri:0, instance:cucumber.TestNgTestRunner@48f2bd5b]" started-at="2025-02-15T15:50:05 IST" name="tearDownClass" finished-at="2025-02-15T15:50:05 IST" duration-ms="28" status="PASS">
          <reporter-output>
          </reporter-output>
        </test-method> <!-- tearDownClass -->
      </class> <!-- cucumber.TestNgTestRunner -->
    </test> <!-- Default test -->
  </suite> <!-- Default suite -->
</testng-results>
