<?xml version="1.0" encoding="UTF-8"?>
<testng-results ignored="0" total="1" passed="1" failed="0" skipped="0">
  <reporter-output>
  </reporter-output>
  <suite started-at="2025-02-14T23:26:25 IST" name="Default suite" finished-at="2025-02-14T23:26:39 IST" duration-ms="13300">
    <groups>
    </groups>
    <test started-at="2025-02-14T23:26:25 IST" name="Default test" finished-at="2025-02-14T23:26:39 IST" duration-ms="13300">
      <class name="Neil.BritInsuranceTestCase">
        <test-method is-config="true" signature="launchApplication()[pri:0, instance:Neil.BritInsuranceTestCase@222545dc]" started-at="2025-02-14T23:26:26 IST" name="launchApplication" finished-at="2025-02-14T23:26:29 IST" duration-ms="3209" status="PASS">
          <reporter-output>
          </reporter-output>
        </test-method> <!-- launchApplication -->
        <test-method signature="britInsurance(java.util.HashMap)[pri:0, instance:Neil.BritInsuranceTestCase@222545dc]" started-at="2025-02-14T23:26:29 IST" name="britInsurance" data-provider="getData" finished-at="2025-02-14T23:26:38 IST" duration-ms="9526" status="PASS">
          <params>
            <param index="0">
              <value>
                <![CDATA[{searchResult5=Kirstin Simon, searchResult4=Interim Report 2023, searchResult3=Results for the year ended 31 December 2023, searchResult2=Interim results for the six months ended 30 June 2022, searchKeyWord=IFRS 17, searchResult1=Financials}]]>
              </value>
            </param>
          </params>
          <reporter-output>
          </reporter-output>
        </test-method> <!-- britInsurance -->
        <test-method is-config="true" signature="teardown()[pri:0, instance:Neil.BritInsuranceTestCase@222545dc]" started-at="2025-02-14T23:26:38 IST" name="teardown" finished-at="2025-02-14T23:26:39 IST" duration-ms="218" status="PASS">
          <reporter-output>
          </reporter-output>
        </test-method> <!-- teardown -->
      </class> <!-- Neil.BritInsuranceTestCase -->
    </test> <!-- Default test -->
  </suite> <!-- Default suite -->
</testng-results>
