<?xml version="1.0" encoding="UTF-8"?>
<!-- Generated by org.testng.reporters.JUnitXMLReporter -->
<testsuite ignored="0" hostname="DESKTOP-RKANJTO" failures="0" tests="2" name="Error Validations Test" time="18.44" errors="0" timestamp="2025-01-24T15:21:41 IST">
  <testcase classname="Neil.ErrorValidationsTestCase" name="loginErrorValidation" time="1.088"/>
  <testcase classname="Neil.ErrorValidationsTestCase" name="productErrorValidation" time="15.469"/>
</testsuite> <!-- Error Validations Test -->
